C:\Program Files\Microsoft Visual Studio\2022\Community\MSBuild\Microsoft\VC\v170\Microsoft.CppBuild.targets(510,5): warning MSB8028: The intermediate directory (x64\Release\) contains files shared from another project (program.vcxproj).  This can lead to incorrect clean and rebuild behavior.
  Source.cpp
C:\Users\whitn\Desktop\dynamixel\include\group_bulk_read.h(43,35): warning C4251: 'dynamixel::GroupBulkRead::id_list_': class 'std::vector<uint8_t,std::allocator<uint8_t>>' needs to have dll-interface to be used by clients of class 'dynamixel::GroupBulkRead'
C:\Users\whitn\Desktop\dynamixel\include\packet_handler.h(205): message : see declaration of 'std::vector<uint8_t,std::allocator<uint8_t>>'
C:\Users\whitn\Desktop\dynamixel\include\group_bulk_read.h(44,35): warning C4251: 'dynamixel::GroupBulkRead::address_list_': class 'std::map<uint8_t,uint16_t,std::less<uint8_t>,std::allocator<std::pair<const uint8_t,uint16_t>>>' needs to have dll-interface to be used by clients of class 'dynamixel::GroupBulkRead'
C:\Users\whitn\Desktop\dynamixel\include\group_bulk_read.h(44): message : see declaration of 'std::map<uint8_t,uint16_t,std::less<uint8_t>,std::allocator<std::pair<const uint8_t,uint16_t>>>'
C:\Users\whitn\Desktop\dynamixel\include\group_bulk_read.h(45,35): warning C4251: 'dynamixel::GroupBulkRead::length_list_': class 'std::map<uint8_t,uint16_t,std::less<uint8_t>,std::allocator<std::pair<const uint8_t,uint16_t>>>' needs to have dll-interface to be used by clients of class 'dynamixel::GroupBulkRead'
C:\Users\whitn\Desktop\dynamixel\include\group_bulk_read.h(44): message : see declaration of 'std::map<uint8_t,uint16_t,std::less<uint8_t>,std::allocator<std::pair<const uint8_t,uint16_t>>>'
C:\Users\whitn\Desktop\dynamixel\include\group_bulk_read.h(46,35): warning C4251: 'dynamixel::GroupBulkRead::data_list_': class 'std::map<uint8_t,uint8_t *,std::less<uint8_t>,std::allocator<std::pair<const uint8_t,uint8_t *>>>' needs to have dll-interface to be used by clients of class 'dynamixel::GroupBulkRead'
C:\Users\whitn\Desktop\dynamixel\include\group_bulk_read.h(46): message : see declaration of 'std::map<uint8_t,uint8_t *,std::less<uint8_t>,std::allocator<std::pair<const uint8_t,uint8_t *>>>'
C:\Users\whitn\Desktop\dynamixel\include\group_bulk_read.h(47,35): warning C4251: 'dynamixel::GroupBulkRead::error_list_': class 'std::map<uint8_t,uint8_t *,std::less<uint8_t>,std::allocator<std::pair<const uint8_t,uint8_t *>>>' needs to have dll-interface to be used by clients of class 'dynamixel::GroupBulkRead'
C:\Users\whitn\Desktop\dynamixel\include\group_bulk_read.h(46): message : see declaration of 'std::map<uint8_t,uint8_t *,std::less<uint8_t>,std::allocator<std::pair<const uint8_t,uint8_t *>>>'
C:\Users\whitn\Desktop\dynamixel\include\group_bulk_write.h(43,35): warning C4251: 'dynamixel::GroupBulkWrite::id_list_': class 'std::vector<uint8_t,std::allocator<uint8_t>>' needs to have dll-interface to be used by clients of class 'dynamixel::GroupBulkWrite'
C:\Users\whitn\Desktop\dynamixel\include\packet_handler.h(205): message : see declaration of 'std::vector<uint8_t,std::allocator<uint8_t>>'
C:\Users\whitn\Desktop\dynamixel\include\group_bulk_write.h(44,35): warning C4251: 'dynamixel::GroupBulkWrite::address_list_': class 'std::map<uint8_t,uint16_t,std::less<uint8_t>,std::allocator<std::pair<const uint8_t,uint16_t>>>' needs to have dll-interface to be used by clients of class 'dynamixel::GroupBulkWrite'
C:\Users\whitn\Desktop\dynamixel\include\group_bulk_read.h(44): message : see declaration of 'std::map<uint8_t,uint16_t,std::less<uint8_t>,std::allocator<std::pair<const uint8_t,uint16_t>>>'
C:\Users\whitn\Desktop\dynamixel\include\group_bulk_write.h(45,35): warning C4251: 'dynamixel::GroupBulkWrite::length_list_': class 'std::map<uint8_t,uint16_t,std::less<uint8_t>,std::allocator<std::pair<const uint8_t,uint16_t>>>' needs to have dll-interface to be used by clients of class 'dynamixel::GroupBulkWrite'
C:\Users\whitn\Desktop\dynamixel\include\group_bulk_read.h(44): message : see declaration of 'std::map<uint8_t,uint16_t,std::less<uint8_t>,std::allocator<std::pair<const uint8_t,uint16_t>>>'
C:\Users\whitn\Desktop\dynamixel\include\group_bulk_write.h(46,35): warning C4251: 'dynamixel::GroupBulkWrite::data_list_': class 'std::map<uint8_t,uint8_t *,std::less<uint8_t>,std::allocator<std::pair<const uint8_t,uint8_t *>>>' needs to have dll-interface to be used by clients of class 'dynamixel::GroupBulkWrite'
C:\Users\whitn\Desktop\dynamixel\include\group_bulk_read.h(46): message : see declaration of 'std::map<uint8_t,uint8_t *,std::less<uint8_t>,std::allocator<std::pair<const uint8_t,uint8_t *>>>'
C:\Users\whitn\Desktop\dynamixel\include\group_sync_read.h(43,35): warning C4251: 'dynamixel::GroupSyncRead::id_list_': class 'std::vector<uint8_t,std::allocator<uint8_t>>' needs to have dll-interface to be used by clients of class 'dynamixel::GroupSyncRead'
C:\Users\whitn\Desktop\dynamixel\include\packet_handler.h(205): message : see declaration of 'std::vector<uint8_t,std::allocator<uint8_t>>'
C:\Users\whitn\Desktop\dynamixel\include\group_sync_read.h(44,35): warning C4251: 'dynamixel::GroupSyncRead::data_list_': class 'std::map<uint8_t,uint8_t *,std::less<uint8_t>,std::allocator<std::pair<const uint8_t,uint8_t *>>>' needs to have dll-interface to be used by clients of class 'dynamixel::GroupSyncRead'
C:\Users\whitn\Desktop\dynamixel\include\group_bulk_read.h(46): message : see declaration of 'std::map<uint8_t,uint8_t *,std::less<uint8_t>,std::allocator<std::pair<const uint8_t,uint8_t *>>>'
C:\Users\whitn\Desktop\dynamixel\include\group_sync_read.h(45,35): warning C4251: 'dynamixel::GroupSyncRead::error_list_': class 'std::map<uint8_t,uint8_t *,std::less<uint8_t>,std::allocator<std::pair<const uint8_t,uint8_t *>>>' needs to have dll-interface to be used by clients of class 'dynamixel::GroupSyncRead'
C:\Users\whitn\Desktop\dynamixel\include\group_bulk_read.h(46): message : see declaration of 'std::map<uint8_t,uint8_t *,std::less<uint8_t>,std::allocator<std::pair<const uint8_t,uint8_t *>>>'
C:\Users\whitn\Desktop\dynamixel\include\group_sync_write.h(43,35): warning C4251: 'dynamixel::GroupSyncWrite::id_list_': class 'std::vector<uint8_t,std::allocator<uint8_t>>' needs to have dll-interface to be used by clients of class 'dynamixel::GroupSyncWrite'
C:\Users\whitn\Desktop\dynamixel\include\packet_handler.h(205): message : see declaration of 'std::vector<uint8_t,std::allocator<uint8_t>>'
C:\Users\whitn\Desktop\dynamixel\include\group_sync_write.h(44,35): warning C4251: 'dynamixel::GroupSyncWrite::data_list_': class 'std::map<uint8_t,uint8_t *,std::less<uint8_t>,std::allocator<std::pair<const uint8_t,uint8_t *>>>' needs to have dll-interface to be used by clients of class 'dynamixel::GroupSyncWrite'
C:\Users\whitn\Desktop\dynamixel\include\group_bulk_read.h(46): message : see declaration of 'std::map<uint8_t,uint8_t *,std::less<uint8_t>,std::allocator<std::pair<const uint8_t,uint8_t *>>>'
  Generating code
  Previous IPDB not found, fall back to full compilation.
  All 149 functions were compiled because no usable IPDB/IOBJ from previous compilation was found.
  Finished generating code
  program.vcxproj -> C:\Users\whitn\Desktop\dynamixel\example_record\x64\Release\record.exe
